# JRE version: Java(TM) SE Runtime Environment (8.0_161-b12) (build 1.8.0_161-b12)
# Java VM: Java HotSpot(TM) 64-Bit Server VM (25.161-b12 mixed mode windows-amd64 compressed oops)
Heap:
 PSYoungGen      total 138240K, used 10326K [0x00000000d5580000, 0x00000000e2280000, 0x0000000100000000)
  eden space 115200K, 8% used [0x00000000d5580000,0x00000000d5f95a60,0x00000000dc600000)
  from space 23040K, 0% used [0x00000000dc600000,0x00000000dc600000,0x00000000ddc80000)
  to   space 26624K, 0% used [0x00000000e0880000,0x00000000e0880000,0x00000000e2280000)
 ParOldGen       total 224256K, used 45711K [0x0000000080000000, 0x000000008db00000, 0x00000000d5580000)
  object space 224256K, 20% used [0x0000000080000000,0x0000000082ca3f58,0x000000008db00000)
 Metaspace       used 35528K, capacity 36508K, committed 36864K, reserved 1083392K
  class space    used 3922K, capacity 4233K, committed 4352K, reserved 1048576K
GC Heap History (10 events):
Event: 5.561 GC heap before
{Heap before GC invocations=5 (full 0):
 PSYoungGen      total 138240K, used 20513K [0x00000000d5580000, 0x00000000de680000, 0x0000000100000000)
  eden space 128000K, 8% used [0x00000000d5580000,0x00000000d5f8c5e0,0x00000000dd280000)
  from space 10240K, 99% used [0x00000000ddc80000,0x00000000de67c030,0x00000000de680000)
  to   space 10240K, 0% used [0x00000000dd280000,0x00000000dd280000,0x00000000ddc80000)
 ParOldGen       total 169472K, used 8445K [0x0000000080000000, 0x000000008a580000, 0x00000000d5580000)
  object space 169472K, 4% used [0x0000000080000000,0x000000008083f650,0x000000008a580000)
 Metaspace       used 20627K, capacity 21166K, committed 21296K, reserved 1069056K
  class space    used 2423K, capacity 2645K, committed 2688K, reserved 1048576K
Event: 5.598 GC heap after
Heap after GC invocations=5 (full 0):
 PSYoungGen      total 138240K, used 10236K [0x00000000d5580000, 0x00000000de680000, 0x0000000100000000)
  eden space 128000K, 0% used [0x00000000d5580000,0x00000000d5580000,0x00000000dd280000)
  from space 10240K, 99% used [0x00000000dd280000,0x00000000ddc7f1b0,0x00000000ddc80000)
  to   space 10240K, 0% used [0x00000000ddc80000,0x00000000ddc80000,0x00000000de680000)
 ParOldGen       total 169472K, used 9387K [0x0000000080000000, 0x000000008a580000, 0x00000000d5580000)
  object space 169472K, 5% used [0x0000000080000000,0x000000008092ae70,0x000000008a580000)
 Metaspace       used 20627K, capacity 21166K, committed 21296K, reserved 1069056K
  class space    used 2423K, capacity 2645K, committed 2688K, reserved 1048576K
}
Event: 5.598 GC heap before
{Heap before GC invocations=6 (full 1):
 PSYoungGen      total 138240K, used 10236K [0x00000000d5580000, 0x00000000de680000, 0x0000000100000000)
  eden space 128000K, 0% used [0x00000000d5580000,0x00000000d5580000,0x00000000dd280000)
  from space 10240K, 99% used [0x00000000dd280000,0x00000000ddc7f1b0,0x00000000ddc80000)
  to   space 10240K, 0% used [0x00000000ddc80000,0x00000000ddc80000,0x00000000de680000)
 ParOldGen       total 169472K, used 9387K [0x0000000080000000, 0x000000008a580000, 0x00000000d5580000)
  object space 169472K, 5% used [0x0000000080000000,0x000000008092ae70,0x000000008a580000)
 Metaspace       used 20627K, capacity 21166K, committed 21296K, reserved 1069056K
  class space    used 2423K, capacity 2645K, committed 2688K, reserved 1048576K
Event: 5.783 GC heap after
Heap after GC invocations=6 (full 1):
 PSYoungGen      total 138240K, used 0K [0x00000000d5580000, 0x00000000de680000, 0x0000000100000000)
  eden space 128000K, 0% used [0x00000000d5580000,0x00000000d5580000,0x00000000dd280000)
  from space 10240K, 0% used [0x00000000dd280000,0x00000000dd280000,0x00000000ddc80000)
  to   space 10240K, 0% used [0x00000000ddc80000,0x00000000ddc80000,0x00000000de680000)
 ParOldGen       total 120832K, used 15407K [0x0000000080000000, 0x0000000087600000, 0x00000000d5580000)
  object space 120832K, 12% used [0x0000000080000000,0x0000000080f0bc10,0x0000000087600000)
 Metaspace       used 20627K, capacity 21166K, committed 21296K, reserved 1069056K
  class space    used 2423K, capacity 2645K, committed 2688K, reserved 1048576K
}
Event: 8.856 GC heap before
{Heap before GC invocations=7 (full 1):
 PSYoungGen      total 138240K, used 128000K [0x00000000d5580000, 0x00000000de680000, 0x0000000100000000)
  eden space 128000K, 100% used [0x00000000d5580000,0x00000000dd280000,0x00000000dd280000)
  from space 10240K, 0% used [0x00000000dd280000,0x00000000dd280000,0x00000000ddc80000)
  to   space 10240K, 0% used [0x00000000ddc80000,0x00000000ddc80000,0x00000000de680000)
 ParOldGen       total 120832K, used 15407K [0x0000000080000000, 0x0000000087600000, 0x00000000d5580000)
  object space 120832K, 12% used [0x0000000080000000,0x0000000080f0bc10,0x0000000087600000)
 Metaspace       used 30056K, capacity 30874K, committed 31104K, reserved 1077248K
  class space    used 3381K, capacity 3637K, committed 3712K, reserved 1048576K
Event: 8.884 GC heap after
Heap after GC invocations=7 (full 1):
 PSYoungGen      total 125440K, used 10230K [0x00000000d5580000, 0x00000000e3100000, 0x0000000100000000)
  eden space 115200K, 0% used [0x00000000d5580000,0x00000000d5580000,0x00000000dc600000)
  from space 10240K, 99% used [0x00000000ddc80000,0x00000000de67dbd0,0x00000000de680000)
  to   space 23040K, 0% used [0x00000000dc600000,0x00000000dc600000,0x00000000ddc80000)
 ParOldGen       total 120832K, used 31188K [0x0000000080000000, 0x0000000087600000, 0x00000000d5580000)
  object space 120832K, 25% used [0x0000000080000000,0x0000000081e75260,0x0000000087600000)
 Metaspace       used 30056K, capacity 30874K, committed 31104K, reserved 1077248K
  class space    used 3381K, capacity 3637K, committed 3712K, reserved 1048576K
}
Event: 11.803 GC heap before
{Heap before GC invocations=8 (full 1):
 PSYoungGen      total 125440K, used 111837K [0x00000000d5580000, 0x00000000e3100000, 0x0000000100000000)
  eden space 115200K, 88% used [0x00000000d5580000,0x00000000db8b9b88,0x00000000dc600000)
  from space 10240K, 99% used [0x00000000ddc80000,0x00000000de67dbd0,0x00000000de680000)
  to   space 23040K, 0% used [0x00000000dc600000,0x00000000dc600000,0x00000000ddc80000)
 ParOldGen       total 120832K, used 31188K [0x0000000080000000, 0x0000000087600000, 0x00000000d5580000)
  object space 120832K, 25% used [0x0000000080000000,0x0000000081e75260,0x0000000087600000)
 Metaspace       used 34356K, capacity 35324K, committed 35456K, reserved 1081344K
  class space    used 3836K, capacity 4137K, committed 4224K, reserved 1048576K
Event: 11.830 GC heap after
Heap after GC invocations=8 (full 1):
 PSYoungGen      total 138240K, used 23017K [0x00000000d5580000, 0x00000000e2280000, 0x0000000100000000)
  eden space 115200K, 0% used [0x00000000d5580000,0x00000000d5580000,0x00000000dc600000)
  from space 23040K, 99% used [0x00000000dc600000,0x00000000ddc7a490,0x00000000ddc80000)
  to   space 26624K, 0% used [0x00000000e0880000,0x00000000e0880000,0x00000000e2280000)
 ParOldGen       total 120832K, used 32532K [0x0000000080000000, 0x0000000087600000, 0x00000000d5580000)
  object space 120832K, 26% used [0x0000000080000000,0x0000000081fc50d8,0x0000000087600000)
 Metaspace       used 34356K, capacity 35324K, committed 35456K, reserved 1081344K
  class space    used 3836K, capacity 4137K, committed 4224K, reserved 1048576K
}
Event: 11.830 GC heap before
{Heap before GC invocations=9 (full 2):
 PSYoungGen      total 138240K, used 23017K [0x00000000d5580000, 0x00000000e2280000, 0x0000000100000000)
  eden space 115200K, 0% used [0x00000000d5580000,0x00000000d5580000,0x00000000dc600000)
  from space 23040K, 99% used [0x00000000dc600000,0x00000000ddc7a490,0x00000000ddc80000)
  to   space 26624K, 0% used [0x00000000e0880000,0x00000000e0880000,0x00000000e2280000)
 ParOldGen       total 120832K, used 32532K [0x0000000080000000, 0x0000000087600000, 0x00000000d5580000)
  object space 120832K, 26% used [0x0000000080000000,0x0000000081fc50d8,0x0000000087600000)
 Metaspace       used 34356K, capacity 35324K, committed 35456K, reserved 1081344K
  class space    used 3836K, capacity 4137K, committed 4224K, reserved 1048576K
Event: 12.109 GC heap after
Heap after GC invocations=9 (full 2):
 PSYoungGen      total 138240K, used 0K [0x00000000d5580000, 0x00000000e2280000, 0x0000000100000000)
  eden space 115200K, 0% used [0x00000000d5580000,0x00000000d5580000,0x00000000dc600000)
  from space 23040K, 0% used [0x00000000dc600000,0x00000000dc600000,0x00000000ddc80000)
  to   space 26624K, 0% used [0x00000000e0880000,0x00000000e0880000,0x00000000e2280000)
 ParOldGen       total 224256K, used 45711K [0x0000000080000000, 0x000000008db00000, 0x00000000d5580000)
  object space 224256K, 20% used [0x0000000080000000,0x0000000082ca3f58,0x000000008db00000)
 Metaspace       used 34356K, capacity 35324K, committed 35456K, reserved 1081344K
  class space    used 3836K, capacity 4137K, committed 4224K, reserved 1048576K
}

